**********************************************************
256 ERRO NA TRANSACAO - 2011-06-21 17:19:11 (BRT)
     ARQUIVO: C:\Inetpub\wwwApache\seguroviagemfacil\areacliente\cielo\fontes\original\lojaexemplo-php\includes\errorHandling.php(Linha 64)
     MENSAGEM: 
     Código do erro: 014
     Mensagem: Autorização Direta é permitida apenas para crédito.
     XML de envio: 
<?xml version="1.0" encoding="ISO-8859-1" ?>
<requisicao-autorizacao-portador id="bc224f8a46e49ac0699db001ece07128" versao ="1.1.0">
<tid>10069930690FBF84A001</tid>
   <dados-ec>
      <numero>1006993069</numero>
      <chave>25fbb99741c739dd84d7b06ec78c9bac718838630f30b112d033ce2e621b34f3</chave>
   </dados-ec>
   <dados-cartao>
      <numero>4551870000000183</numero>
      <validade>201508</validade>
      <indicador>1</indicador>
      <codigo-seguranca>973</codigo-seguranca>
   </dados-cartao>
   <dados-pedido>
      <numero>4308258</numero>
      <valor>10000</valor>
      <moeda>986</moeda>
      <data-hora>2011-06-21T17:19:11</data-hora>
      <idioma>PT</idioma>
   </dados-pedido>
   <forma-pagamento>
      <bandeira>visa</bandeira>
      <produto>A</produto>
      <parcelas>1</parcelas>
   </forma-pagamento>
   <capturar-automaticamente>false</capturar-automaticamente>
</requisicao-autorizacao-portador>

**********************************************************
256 ERRO NA TRANSACAO - 2011-06-21 17:19:19 (BRT)
     ARQUIVO: C:\Inetpub\wwwApache\seguroviagemfacil\areacliente\cielo\fontes\original\lojaexemplo-php\includes\errorHandling.php(Linha 64)
     MENSAGEM: 
     Código do erro: 014
     Mensagem: Autorização Direta é permitida apenas para crédito.
     XML de envio: 
<?xml version="1.0" encoding="ISO-8859-1" ?>
<requisicao-autorizacao-portador id="c1a2465b7f8da729b0af07fde2dac44c" versao ="1.1.0">
<tid>10069930690FBF85A001</tid>
   <dados-ec>
      <numero>1006993069</numero>
      <chave>25fbb99741c739dd84d7b06ec78c9bac718838630f30b112d033ce2e621b34f3</chave>
   </dados-ec>
   <dados-cartao>
      <numero>4551870000000183</numero>
      <validade>201508</validade>
      <indicador>1</indicador>
      <codigo-seguranca>973</codigo-seguranca>
   </dados-cartao>
   <dados-pedido>
      <numero>4287658</numero>
      <valor>10000</valor>
      <moeda>986</moeda>
      <data-hora>2011-06-21T17:19:19</data-hora>
      <idioma>PT</idioma>
   </dados-pedido>
   <forma-pagamento>
      <bandeira>visa</bandeira>
      <produto>A</produto>
      <parcelas>1</parcelas>
   </forma-pagamento>
   <capturar-automaticamente>false</capturar-automaticamente>
</requisicao-autorizacao-portador>

**********************************************************
256 ERRO NA TRANSACAO - 2011-06-21 17:19:26 (BRT)
     ARQUIVO: C:\Inetpub\wwwApache\seguroviagemfacil\areacliente\cielo\fontes\original\lojaexemplo-php\includes\errorHandling.php(Linha 64)
     MENSAGEM: 
     Código do erro: 014
     Mensagem: Autorização Direta é permitida apenas para crédito.
     XML de envio: 
<?xml version="1.0" encoding="ISO-8859-1" ?>
<requisicao-autorizacao-portador id="6a68ad335167fcc986a8164778565bc8" versao ="1.1.0">
<tid>10069930690FBF86A001</tid>
   <dados-ec>
      <numero>1006993069</numero>
      <chave>25fbb99741c739dd84d7b06ec78c9bac718838630f30b112d033ce2e621b34f3</chave>
   </dados-ec>
   <dados-cartao>
      <numero>4551870000000183</numero>
      <validade>201508</validade>
      <indicador>1</indicador>
      <codigo-seguranca>973</codigo-seguranca>
   </dados-cartao>
   <dados-pedido>
      <numero>4714202</numero>
      <valor>10000</valor>
      <moeda>986</moeda>
      <data-hora>2011-06-21T17:19:26</data-hora>
      <idioma>PT</idioma>
   </dados-pedido>
   <forma-pagamento>
      <bandeira>visa</bandeira>
      <produto>A</produto>
      <parcelas>1</parcelas>
   </forma-pagamento>
   <capturar-automaticamente>false</capturar-automaticamente>
</requisicao-autorizacao-portador>

**********************************************************
256 ERRO NA TRANSACAO - 2011-06-21 17:19:37 (BRT)
     ARQUIVO: C:\Inetpub\wwwApache\seguroviagemfacil\areacliente\cielo\fontes\original\lojaexemplo-php\includes\errorHandling.php(Linha 64)
     MENSAGEM: 
     Código do erro: 014
     Mensagem: Autorização Direta é permitida apenas para crédito.
     XML de envio: 
<?xml version="1.0" encoding="ISO-8859-1" ?>
<requisicao-autorizacao-portador id="bf627531803720ca12e6db2bf1aa5432" versao ="1.1.0">
<tid>10069930690FBF87A001</tid>
   <dados-ec>
      <numero>1006993069</numero>
      <chave>25fbb99741c739dd84d7b06ec78c9bac718838630f30b112d033ce2e621b34f3</chave>
   </dados-ec>
   <dados-cartao>
      <numero>4551870000000183</numero>
      <validade>201508</validade>
      <indicador>1</indicador>
      <codigo-seguranca>973</codigo-seguranca>
   </dados-cartao>
   <dados-pedido>
      <numero>5585418</numero>
      <valor>10000</valor>
      <moeda>986</moeda>
      <data-hora>2011-06-21T17:19:37</data-hora>
      <idioma>PT</idioma>
   </dados-pedido>
   <forma-pagamento>
      <bandeira>visa</bandeira>
      <produto>A</produto>
      <parcelas>1</parcelas>
   </forma-pagamento>
   <capturar-automaticamente>true</capturar-automaticamente>
</requisicao-autorizacao-portador>

