***********************************************
2011-06-21 08:20:26:000000 (BRT)
DO ARQUIVO: /seguroviagemfacil/areacliente/cielo/fontes/original/lojaexemplo-php/pages/novoPedidoAguarde.php
OPERAÇÃO: Transacao
ENVIO: <?xml version="1.0" encoding="ISO-8859-1" ?>
<requisicao-transacao id="a4853fdcb82b79cad0eb4ece3073a876" versao="1.1.0">
   <dados-ec>
      <numero>1001734898</numero>
      <chave>e84827130b9837473681c2787007da5914d6359947015a5cdb2b8843db0fa832</chave>
   </dados-ec>
   <dados-pedido>
      <numero>7334991</numero>
      <valor>10000</valor>
      <moeda>986</moeda>
      <data-hora>2011-06-21T08:20:26</data-hora>
      <idioma>PT</idioma>
   </dados-pedido>
   <forma-pagamento>
      <bandeira>mastercard</bandeira>
      <produto>1</produto>
      <parcelas>1</parcelas>
   </forma-pagamento>
   <url-retorno>http://servidor/seguroviagemfacil/areacliente/cielo/fontes/original/lojaexemplo-php/pages/retorno.php</url-retorno>
   <autorizar>1</autorizar>
   <capturar>true</capturar>
</requisicao-transacao>

***********************************************
2011-06-21 08:20:26:000000 (BRT)
DO ARQUIVO: /seguroviagemfacil/areacliente/cielo/fontes/original/lojaexemplo-php/pages/novoPedidoAguarde.php
OPERAÇÃO: Transacao
RESPOSTA: <?xml version="1.0" encoding="ISO-8859-1"?>
<transacao id="a4853fdcb82b79cad0eb4ece3073a876" versao="1.1.0" xmlns="http://ecommerce.cbmp.com.br">
  <tid>1001734898057B941001</tid>
  <dados-pedido>
    <numero>7334991</numero>
    <valor>10000</valor>
    <moeda>986</moeda>
    <data-hora>2011-06-21T09:20:24.119-02:00</data-hora>
    <idioma>PT</idioma>
  </dados-pedido>
  <forma-pagamento>
    <bandeira>mastercard</bandeira>
    <produto>1</produto>
    <parcelas>1</parcelas>
  </forma-pagamento>
  <status>0</status>
  <url-autenticacao>https://qasecommerce.cielo.com.br/web/index.cbmp?id=383cd31e5f17da2445f622c203063e76</url-autenticacao>
</transacao>



***********************************************
2011-06-21 17:18:58:000000 (BRT)
DO ARQUIVO: /seguroviagemfacil/areacliente/cielo/fontes/original/lojaexemplo-php/pages/carrinhoCartaoPagamento.php
OPERAÇÃO: Requisicao Tid
ENVIO: <?xml version="1.0" encoding="ISO-8859-1" ?>
<requisicao-tid id="dc0ec2d23f4e0e4c63833adc5087c81f" versao ="1.1.0">
   <dados-ec>
      <numero>1006993069</numero>
      <chave>25fbb99741c739dd84d7b06ec78c9bac718838630f30b112d033ce2e621b34f3</chave>
   </dados-ec>
   <forma-pagamento>
      <bandeira>visa</bandeira>
      <produto>1</produto>
      <parcelas>1</parcelas>
   </forma-pagamento>
</requisicao-tid>

***********************************************
2011-06-21 17:18:58:000000 (BRT)
DO ARQUIVO: /seguroviagemfacil/areacliente/cielo/fontes/original/lojaexemplo-php/pages/carrinhoCartaoPagamento.php
OPERAÇÃO: Requisicao Tid
RESPOSTA: <?xml version="1.0" encoding="ISO-8859-1"?>
<retorno-tid versao="1.1.0" id="dc0ec2d23f4e0e4c63833adc5087c81f" xmlns="http://ecommerce.cbmp.com.br">
  <tid>10069930690FBF831001</tid>
</retorno-tid>



***********************************************
2011-06-21 17:18:58:000000 (BRT)
DO ARQUIVO: /seguroviagemfacil/areacliente/cielo/fontes/original/lojaexemplo-php/pages/carrinhoCartaoPagamento.php
OPERAÇÃO: Autorizacao Portador
ENVIO: <?xml version="1.0" encoding="ISO-8859-1" ?>
<requisicao-autorizacao-portador id="dc0ec2d23f4e0e4c63833adc5087c81f" versao ="1.1.0">
<tid>10069930690FBF831001</tid>
   <dados-ec>
      <numero>1006993069</numero>
      <chave>25fbb99741c739dd84d7b06ec78c9bac718838630f30b112d033ce2e621b34f3</chave>
   </dados-ec>
   <dados-cartao>
      <numero>4551870000000183</numero>
      <validade>201508</validade>
      <indicador>1</indicador>
      <codigo-seguranca>973</codigo-seguranca>
   </dados-cartao>
   <dados-pedido>
      <numero>4709259</numero>
      <valor>10000</valor>
      <moeda>986</moeda>
      <data-hora>2011-06-21T17:18:58</data-hora>
      <idioma>PT</idioma>
   </dados-pedido>
   <forma-pagamento>
      <bandeira>visa</bandeira>
      <produto>1</produto>
      <parcelas>1</parcelas>
   </forma-pagamento>
   <capturar-automaticamente>false</capturar-automaticamente>
</requisicao-autorizacao-portador>

***********************************************
2011-06-21 17:18:59:000000 (BRT)
DO ARQUIVO: /seguroviagemfacil/areacliente/cielo/fontes/original/lojaexemplo-php/pages/carrinhoCartaoPagamento.php
OPERAÇÃO: Autorizacao Portador
RESPOSTA: <?xml version="1.0" encoding="ISO-8859-1"?>
<transacao id="dc0ec2d23f4e0e4c63833adc5087c81f" versao="1.1.0" xmlns="http://ecommerce.cbmp.com.br">
  <tid>10069930690FBF831001</tid>
  <pan>uv9yI5tkhX9jpuCt+dfrtoSVM4U3gIjvrcwMBfZcadE=</pan>
  <dados-pedido>
    <numero>4709259</numero>
    <valor>10000</valor>
    <moeda>986</moeda>
    <data-hora>2011-06-21T18:18:56.285-02:00</data-hora>
    <idioma>PT</idioma>
  </dados-pedido>
  <forma-pagamento>
    <bandeira>visa</bandeira>
    <produto>1</produto>
    <parcelas>1</parcelas>
  </forma-pagamento>
  <status>4</status>
  <autenticacao>
    <codigo>4</codigo>
    <mensagem>Transacao sem autenticacao</mensagem>
    <data-hora>2011-06-21T18:18:56.321-02:00</data-hora>
    <valor>10000</valor>
    <eci>7</eci>
  </autenticacao>
  <autorizacao>
    <codigo>4</codigo>
    <mensagem>Transação autorizada</mensagem>
    <data-hora>2011-06-21T18:18:56.333-02:00</data-hora>
    <valor>10000</valor>
    <lr>00</lr>
    <arp>171856</arp>
  </autorizacao>
</transacao>



***********************************************
2011-06-21 17:18:59:000000 (BRT)
DO ARQUIVO: /seguroviagemfacil/areacliente/cielo/fontes/original/lojaexemplo-php/pages/retorno.php
OPERAÇÃO: Consulta
ENVIO: <?xml version="1.0" encoding="ISO-8859-1" ?>
<requisicao-consulta id="d398146734e5d95abf04a6bf4f8813c8" versao="1.1.0">
   <tid>10069930690FBF831001</tid>
   <dados-ec>
      <numero>1006993069</numero>
      <chave>25fbb99741c739dd84d7b06ec78c9bac718838630f30b112d033ce2e621b34f3</chave>
   </dados-ec>
</requisicao-consulta>

***********************************************
2011-06-21 17:19:00:000000 (BRT)
DO ARQUIVO: /seguroviagemfacil/areacliente/cielo/fontes/original/lojaexemplo-php/pages/retorno.php
OPERAÇÃO: Consulta
RESPOSTA: <?xml version="1.0" encoding="ISO-8859-1"?>
<transacao id="d398146734e5d95abf04a6bf4f8813c8" versao="1.1.0" xmlns="http://ecommerce.cbmp.com.br">
  <tid>10069930690FBF831001</tid>
  <pan>uv9yI5tkhX9jpuCt+dfrtoSVM4U3gIjvrcwMBfZcadE=</pan>
  <dados-pedido>
    <numero>4709259</numero>
    <valor>10000</valor>
    <moeda>986</moeda>
    <data-hora>2011-06-21T18:18:56.285-02:00</data-hora>
    <idioma>PT</idioma>
  </dados-pedido>
  <forma-pagamento>
    <bandeira>visa</bandeira>
    <produto>1</produto>
    <parcelas>1</parcelas>
  </forma-pagamento>
  <status>4</status>
  <autenticacao>
    <codigo>4</codigo>
    <mensagem>Transacao sem autenticacao</mensagem>
    <data-hora>2011-06-21T18:18:56.321-02:00</data-hora>
    <valor>10000</valor>
    <eci>7</eci>
  </autenticacao>
  <autorizacao>
    <codigo>4</codigo>
    <mensagem>Transação autorizada</mensagem>
    <data-hora>2011-06-21T18:18:56.333-02:00</data-hora>
    <valor>10000</valor>
    <lr>00</lr>
    <arp>171856</arp>
  </autorizacao>
</transacao>



***********************************************
2011-06-21 17:19:10:000000 (BRT)
DO ARQUIVO: /seguroviagemfacil/areacliente/cielo/fontes/original/lojaexemplo-php/pages/carrinhoCartaoPagamento.php
OPERAÇÃO: Requisicao Tid
ENVIO: <?xml version="1.0" encoding="ISO-8859-1" ?>
<requisicao-tid id="a7eeeecec86323f413056062db726688" versao ="1.1.0">
   <dados-ec>
      <numero>1006993069</numero>
      <chave>25fbb99741c739dd84d7b06ec78c9bac718838630f30b112d033ce2e621b34f3</chave>
   </dados-ec>
   <forma-pagamento>
      <bandeira>visa</bandeira>
      <produto>A</produto>
      <parcelas>1</parcelas>
   </forma-pagamento>
</requisicao-tid>

***********************************************
2011-06-21 17:19:11:000000 (BRT)
DO ARQUIVO: /seguroviagemfacil/areacliente/cielo/fontes/original/lojaexemplo-php/pages/carrinhoCartaoPagamento.php
OPERAÇÃO: Requisicao Tid
RESPOSTA: <?xml version="1.0" encoding="ISO-8859-1"?>
<retorno-tid versao="1.1.0" id="a7eeeecec86323f413056062db726688" xmlns="http://ecommerce.cbmp.com.br">
  <tid>10069930690FBF84A001</tid>
</retorno-tid>



***********************************************
2011-06-21 17:19:11:000000 (BRT)
DO ARQUIVO: /seguroviagemfacil/areacliente/cielo/fontes/original/lojaexemplo-php/pages/carrinhoCartaoPagamento.php
OPERAÇÃO: Autorizacao Portador
ENVIO: <?xml version="1.0" encoding="ISO-8859-1" ?>
<requisicao-autorizacao-portador id="bc224f8a46e49ac0699db001ece07128" versao ="1.1.0">
<tid>10069930690FBF84A001</tid>
   <dados-ec>
      <numero>1006993069</numero>
      <chave>25fbb99741c739dd84d7b06ec78c9bac718838630f30b112d033ce2e621b34f3</chave>
   </dados-ec>
   <dados-cartao>
      <numero>4551870000000183</numero>
      <validade>201508</validade>
      <indicador>1</indicador>
      <codigo-seguranca>973</codigo-seguranca>
   </dados-cartao>
   <dados-pedido>
      <numero>4308258</numero>
      <valor>10000</valor>
      <moeda>986</moeda>
      <data-hora>2011-06-21T17:19:11</data-hora>
      <idioma>PT</idioma>
   </dados-pedido>
   <forma-pagamento>
      <bandeira>visa</bandeira>
      <produto>A</produto>
      <parcelas>1</parcelas>
   </forma-pagamento>
   <capturar-automaticamente>false</capturar-automaticamente>
</requisicao-autorizacao-portador>

***********************************************
2011-06-21 17:19:11:000000 (BRT)
DO ARQUIVO: /seguroviagemfacil/areacliente/cielo/fontes/original/lojaexemplo-php/pages/carrinhoCartaoPagamento.php
OPERAÇÃO: Autorizacao Portador
RESPOSTA: <?xml version="1.0" encoding="ISO-8859-1"?>
<erro xmlns="http://ecommerce.cbmp.com.br"><codigo>014</codigo><mensagem>Autorização Direta é permitida apenas para crédito.</mensagem></erro>


***********************************************
2011-06-21 17:19:18:000000 (BRT)
DO ARQUIVO: /seguroviagemfacil/areacliente/cielo/fontes/original/lojaexemplo-php/pages/carrinhoCartaoPagamento.php
OPERAÇÃO: Requisicao Tid
ENVIO: <?xml version="1.0" encoding="ISO-8859-1" ?>
<requisicao-tid id="39f4e7f22d56b3bbf6aa68240cf89fe1" versao ="1.1.0">
   <dados-ec>
      <numero>1006993069</numero>
      <chave>25fbb99741c739dd84d7b06ec78c9bac718838630f30b112d033ce2e621b34f3</chave>
   </dados-ec>
   <forma-pagamento>
      <bandeira>visa</bandeira>
      <produto>A</produto>
      <parcelas>1</parcelas>
   </forma-pagamento>
</requisicao-tid>

***********************************************
2011-06-21 17:19:19:000000 (BRT)
DO ARQUIVO: /seguroviagemfacil/areacliente/cielo/fontes/original/lojaexemplo-php/pages/carrinhoCartaoPagamento.php
OPERAÇÃO: Requisicao Tid
RESPOSTA: <?xml version="1.0" encoding="ISO-8859-1"?>
<retorno-tid versao="1.1.0" id="39f4e7f22d56b3bbf6aa68240cf89fe1" xmlns="http://ecommerce.cbmp.com.br">
  <tid>10069930690FBF85A001</tid>
</retorno-tid>



***********************************************
2011-06-21 17:19:19:000000 (BRT)
DO ARQUIVO: /seguroviagemfacil/areacliente/cielo/fontes/original/lojaexemplo-php/pages/carrinhoCartaoPagamento.php
OPERAÇÃO: Autorizacao Portador
ENVIO: <?xml version="1.0" encoding="ISO-8859-1" ?>
<requisicao-autorizacao-portador id="c1a2465b7f8da729b0af07fde2dac44c" versao ="1.1.0">
<tid>10069930690FBF85A001</tid>
   <dados-ec>
      <numero>1006993069</numero>
      <chave>25fbb99741c739dd84d7b06ec78c9bac718838630f30b112d033ce2e621b34f3</chave>
   </dados-ec>
   <dados-cartao>
      <numero>4551870000000183</numero>
      <validade>201508</validade>
      <indicador>1</indicador>
      <codigo-seguranca>973</codigo-seguranca>
   </dados-cartao>
   <dados-pedido>
      <numero>4287658</numero>
      <valor>10000</valor>
      <moeda>986</moeda>
      <data-hora>2011-06-21T17:19:19</data-hora>
      <idioma>PT</idioma>
   </dados-pedido>
   <forma-pagamento>
      <bandeira>visa</bandeira>
      <produto>A</produto>
      <parcelas>1</parcelas>
   </forma-pagamento>
   <capturar-automaticamente>false</capturar-automaticamente>
</requisicao-autorizacao-portador>

***********************************************
2011-06-21 17:19:19:000000 (BRT)
DO ARQUIVO: /seguroviagemfacil/areacliente/cielo/fontes/original/lojaexemplo-php/pages/carrinhoCartaoPagamento.php
OPERAÇÃO: Autorizacao Portador
RESPOSTA: <?xml version="1.0" encoding="ISO-8859-1"?>
<erro xmlns="http://ecommerce.cbmp.com.br"><codigo>014</codigo><mensagem>Autorização Direta é permitida apenas para crédito.</mensagem></erro>


***********************************************
2011-06-21 17:19:26:000000 (BRT)
DO ARQUIVO: /seguroviagemfacil/areacliente/cielo/fontes/original/lojaexemplo-php/pages/carrinhoCartaoPagamento.php
OPERAÇÃO: Requisicao Tid
ENVIO: <?xml version="1.0" encoding="ISO-8859-1" ?>
<requisicao-tid id="6a68ad335167fcc986a8164778565bc8" versao ="1.1.0">
   <dados-ec>
      <numero>1006993069</numero>
      <chave>25fbb99741c739dd84d7b06ec78c9bac718838630f30b112d033ce2e621b34f3</chave>
   </dados-ec>
   <forma-pagamento>
      <bandeira>visa</bandeira>
      <produto>A</produto>
      <parcelas>1</parcelas>
   </forma-pagamento>
</requisicao-tid>

***********************************************
2011-06-21 17:19:26:000000 (BRT)
DO ARQUIVO: /seguroviagemfacil/areacliente/cielo/fontes/original/lojaexemplo-php/pages/carrinhoCartaoPagamento.php
OPERAÇÃO: Requisicao Tid
RESPOSTA: <?xml version="1.0" encoding="ISO-8859-1"?>
<retorno-tid versao="1.1.0" id="6a68ad335167fcc986a8164778565bc8" xmlns="http://ecommerce.cbmp.com.br">
  <tid>10069930690FBF86A001</tid>
</retorno-tid>



***********************************************
2011-06-21 17:19:26:000000 (BRT)
DO ARQUIVO: /seguroviagemfacil/areacliente/cielo/fontes/original/lojaexemplo-php/pages/carrinhoCartaoPagamento.php
OPERAÇÃO: Autorizacao Portador
ENVIO: <?xml version="1.0" encoding="ISO-8859-1" ?>
<requisicao-autorizacao-portador id="6a68ad335167fcc986a8164778565bc8" versao ="1.1.0">
<tid>10069930690FBF86A001</tid>
   <dados-ec>
      <numero>1006993069</numero>
      <chave>25fbb99741c739dd84d7b06ec78c9bac718838630f30b112d033ce2e621b34f3</chave>
   </dados-ec>
   <dados-cartao>
      <numero>4551870000000183</numero>
      <validade>201508</validade>
      <indicador>1</indicador>
      <codigo-seguranca>973</codigo-seguranca>
   </dados-cartao>
   <dados-pedido>
      <numero>4714202</numero>
      <valor>10000</valor>
      <moeda>986</moeda>
      <data-hora>2011-06-21T17:19:26</data-hora>
      <idioma>PT</idioma>
   </dados-pedido>
   <forma-pagamento>
      <bandeira>visa</bandeira>
      <produto>A</produto>
      <parcelas>1</parcelas>
   </forma-pagamento>
   <capturar-automaticamente>false</capturar-automaticamente>
</requisicao-autorizacao-portador>

***********************************************
2011-06-21 17:19:26:000000 (BRT)
DO ARQUIVO: /seguroviagemfacil/areacliente/cielo/fontes/original/lojaexemplo-php/pages/carrinhoCartaoPagamento.php
OPERAÇÃO: Autorizacao Portador
RESPOSTA: <?xml version="1.0" encoding="ISO-8859-1"?>
<erro xmlns="http://ecommerce.cbmp.com.br"><codigo>014</codigo><mensagem>Autorização Direta é permitida apenas para crédito.</mensagem></erro>


***********************************************
2011-06-21 17:19:36:000000 (BRT)
DO ARQUIVO: /seguroviagemfacil/areacliente/cielo/fontes/original/lojaexemplo-php/pages/carrinhoCartaoPagamento.php
OPERAÇÃO: Requisicao Tid
ENVIO: <?xml version="1.0" encoding="ISO-8859-1" ?>
<requisicao-tid id="e941ab73271f91b99c21684093b5e10a" versao ="1.1.0">
   <dados-ec>
      <numero>1006993069</numero>
      <chave>25fbb99741c739dd84d7b06ec78c9bac718838630f30b112d033ce2e621b34f3</chave>
   </dados-ec>
   <forma-pagamento>
      <bandeira>visa</bandeira>
      <produto>A</produto>
      <parcelas>1</parcelas>
   </forma-pagamento>
</requisicao-tid>

***********************************************
2011-06-21 17:19:37:000000 (BRT)
DO ARQUIVO: /seguroviagemfacil/areacliente/cielo/fontes/original/lojaexemplo-php/pages/carrinhoCartaoPagamento.php
OPERAÇÃO: Requisicao Tid
RESPOSTA: <?xml version="1.0" encoding="ISO-8859-1"?>
<retorno-tid versao="1.1.0" id="e941ab73271f91b99c21684093b5e10a" xmlns="http://ecommerce.cbmp.com.br">
  <tid>10069930690FBF87A001</tid>
</retorno-tid>



***********************************************
2011-06-21 17:19:37:000000 (BRT)
DO ARQUIVO: /seguroviagemfacil/areacliente/cielo/fontes/original/lojaexemplo-php/pages/carrinhoCartaoPagamento.php
OPERAÇÃO: Autorizacao Portador
ENVIO: <?xml version="1.0" encoding="ISO-8859-1" ?>
<requisicao-autorizacao-portador id="bf627531803720ca12e6db2bf1aa5432" versao ="1.1.0">
<tid>10069930690FBF87A001</tid>
   <dados-ec>
      <numero>1006993069</numero>
      <chave>25fbb99741c739dd84d7b06ec78c9bac718838630f30b112d033ce2e621b34f3</chave>
   </dados-ec>
   <dados-cartao>
      <numero>4551870000000183</numero>
      <validade>201508</validade>
      <indicador>1</indicador>
      <codigo-seguranca>973</codigo-seguranca>
   </dados-cartao>
   <dados-pedido>
      <numero>5585418</numero>
      <valor>10000</valor>
      <moeda>986</moeda>
      <data-hora>2011-06-21T17:19:37</data-hora>
      <idioma>PT</idioma>
   </dados-pedido>
   <forma-pagamento>
      <bandeira>visa</bandeira>
      <produto>A</produto>
      <parcelas>1</parcelas>
   </forma-pagamento>
   <capturar-automaticamente>true</capturar-automaticamente>
</requisicao-autorizacao-portador>

***********************************************
2011-06-21 17:19:37:000000 (BRT)
DO ARQUIVO: /seguroviagemfacil/areacliente/cielo/fontes/original/lojaexemplo-php/pages/carrinhoCartaoPagamento.php
OPERAÇÃO: Autorizacao Portador
RESPOSTA: <?xml version="1.0" encoding="ISO-8859-1"?>
<erro xmlns="http://ecommerce.cbmp.com.br"><codigo>014</codigo><mensagem>Autorização Direta é permitida apenas para crédito.</mensagem></erro>


***********************************************
2011-06-21 17:20:01:000000 (BRT)
DO ARQUIVO: /seguroviagemfacil/areacliente/cielo/fontes/original/lojaexemplo-php/pages/novoPedidoAguarde.php
OPERAÇÃO: Transacao
ENVIO: <?xml version="1.0" encoding="ISO-8859-1" ?>
<requisicao-transacao id="d81fb9741e0636386c274090ff3f9e7d" versao="1.1.0">
   <dados-ec>
      <numero>1001734898</numero>
      <chave>e84827130b9837473681c2787007da5914d6359947015a5cdb2b8843db0fa832</chave>
   </dados-ec>
   <dados-pedido>
      <numero>4841918</numero>
      <valor>10000</valor>
      <moeda>986</moeda>
      <data-hora>2011-06-21T17:20:01</data-hora>
      <idioma>PT</idioma>
   </dados-pedido>
   <forma-pagamento>
      <bandeira>visa</bandeira>
      <produto>A</produto>
      <parcelas>1</parcelas>
   </forma-pagamento>
   <url-retorno>http://servidor/seguroviagemfacil/areacliente/cielo/fontes/original/lojaexemplo-php/pages/retorno.php</url-retorno>
   <autorizar>1</autorizar>
   <capturar>true</capturar>
</requisicao-transacao>

***********************************************
2011-06-21 17:20:01:000000 (BRT)
DO ARQUIVO: /seguroviagemfacil/areacliente/cielo/fontes/original/lojaexemplo-php/pages/novoPedidoAguarde.php
OPERAÇÃO: Transacao
RESPOSTA: <?xml version="1.0" encoding="ISO-8859-1"?>
<transacao id="d81fb9741e0636386c274090ff3f9e7d" versao="1.1.0" xmlns="http://ecommerce.cbmp.com.br">
  <tid>1001734898057FC9A001</tid>
  <dados-pedido>
    <numero>4841918</numero>
    <valor>10000</valor>
    <moeda>986</moeda>
    <data-hora>2011-06-21T18:19:58.906-02:00</data-hora>
    <idioma>PT</idioma>
  </dados-pedido>
  <forma-pagamento>
    <bandeira>visa</bandeira>
    <produto>A</produto>
    <parcelas>1</parcelas>
  </forma-pagamento>
  <status>0</status>
  <url-autenticacao>https://qasecommerce.cielo.com.br/web/index.cbmp?id=84f3aafb077e8b7496c2e7b1d86e9f2c</url-autenticacao>
</transacao>



***********************************************
2011-06-21 17:24:15:000000 (BRT)
DO ARQUIVO: /seguroviagemfacil/areacliente/cielo/fontes/original/lojaexemplo-php/pages/novoPedidoAguarde.php
OPERAÇÃO: Transacao
ENVIO: <?xml version="1.0" encoding="ISO-8859-1" ?>
<requisicao-transacao id="12ff61c0c9cabafbb04aea0847122949" versao="1.1.0">
   <dados-ec>
      <numero>1001734898</numero>
      <chave>e84827130b9837473681c2787007da5914d6359947015a5cdb2b8843db0fa832</chave>
   </dados-ec>
   <dados-pedido>
      <numero>8597320</numero>
      <valor>10000</valor>
      <moeda>986</moeda>
      <data-hora>2011-06-21T17:24:15</data-hora>
      <idioma>PT</idioma>
   </dados-pedido>
   <forma-pagamento>
      <bandeira>visa</bandeira>
      <produto>A</produto>
      <parcelas>1</parcelas>
   </forma-pagamento>
   <url-retorno>http://servidor/seguroviagemfacil/areacliente/cielo/fontes/original/lojaexemplo-php/pages/retorno.php</url-retorno>
   <autorizar>1</autorizar>
   <capturar>true</capturar>
</requisicao-transacao>

***********************************************
2011-06-21 17:24:15:000000 (BRT)
DO ARQUIVO: /seguroviagemfacil/areacliente/cielo/fontes/original/lojaexemplo-php/pages/novoPedidoAguarde.php
OPERAÇÃO: Transacao
RESPOSTA: <?xml version="1.0" encoding="ISO-8859-1"?>
<transacao id="12ff61c0c9cabafbb04aea0847122949" versao="1.1.0" xmlns="http://ecommerce.cbmp.com.br">
  <tid>1001734898057FCFA001</tid>
  <dados-pedido>
    <numero>8597320</numero>
    <valor>10000</valor>
    <moeda>986</moeda>
    <data-hora>2011-06-21T18:24:12.679-02:00</data-hora>
    <idioma>PT</idioma>
  </dados-pedido>
  <forma-pagamento>
    <bandeira>visa</bandeira>
    <produto>A</produto>
    <parcelas>1</parcelas>
  </forma-pagamento>
  <status>0</status>
  <url-autenticacao>https://qasecommerce.cielo.com.br/web/index.cbmp?id=6ee686bea55979d18759081d0de9e6aa</url-autenticacao>
</transacao>



