***********************************************
2011-06-21 07:47:24:000000 (BRT)
DO ARQUIVO: /seguroviagemfacil/areacliente/cielo/finalizaPedidoPagamento.php?pedidoID=1&forma=M3&val=23
OPERAÇÃO: Transacao
ENVIO: <?xml version="1.0" encoding="ISO-8859-1" ?>
<requisicao-transacao id="5833af6e05fc1e5f6a084ae84c31fd28" versao="1.1.0">
   <dados-ec>
      <numero>1001734898</numero>
      <chave>e84827130b9837473681c2787007da5914d6359947015a5cdb2b8843db0fa832</chave>
   </dados-ec>
   <dados-pedido>
      <numero>1</numero>
      <valor>23</valor>
      <moeda>986</moeda>
      <data-hora>2011-06-21T07:47:24</data-hora>
      <idioma>PT</idioma>
   </dados-pedido>
   <forma-pagamento>
      <bandeira>mastercard</bandeira>
      <produto>2</produto>
      <parcelas>3</parcelas>
   </forma-pagamento>
   <url-retorno>http://servidor/seguroviagemfacil/areacliente/cielo/retorno.php?pedidoID=1&forma=M3&val=23</url-retorno>
   <autorizar>1</autorizar>
   <capturar>true</capturar>
</requisicao-transacao>

***********************************************
2011-06-21 07:47:24:000000 (BRT)
DO ARQUIVO: /seguroviagemfacil/areacliente/cielo/finalizaPedidoPagamento.php?pedidoID=1&forma=M3&val=23
OPERAÇÃO: Transacao
RESPOSTA: <?xml version="1.0" encoding="ISO-8859-1"?>
<erro xmlns="http://ecommerce.cbmp.com.br"><codigo>001</codigo><mensagem>XML inválido: 'error: XML document structures must start and end within the same entity.'.</mensagem></erro>


